0 info it worked if it ends with ok
1 verbose cli [ '/usr/local/Cellar/node/6.8.1/bin/node',
1 verbose cli   '/usr/local/bin/npm',
1 verbose cli   'publish' ]
2 info using npm@3.10.8
3 info using node@v6.8.1
4 verbose publish [ '.' ]
5 silly cache add args [ '.', null ]
6 verbose cache add spec .
7 silly cache add parsed spec Result {
7 silly cache add   raw: '.',
7 silly cache add   scope: null,
7 silly cache add   escapedName: null,
7 silly cache add   name: null,
7 silly cache add   rawSpec: '.',
7 silly cache add   spec: '/Users/maximtoyberman/github/react-native-timer',
7 silly cache add   type: 'directory' }
8 verbose addLocalDirectory /Users/maximtoyberman/.npm/react-native-timer/1.0.0/package.tgz not in flight; packing
9 verbose correctMkdir /Users/maximtoyberman/.npm correctMkdir not in flight; initializing
10 info lifecycle react-native-timer@1.0.0~prepublish: react-native-timer@1.0.0
11 silly lifecycle react-native-timer@1.0.0~prepublish: no script for prepublish, continuing
12 verbose tar pack [ '/Users/maximtoyberman/.npm/react-native-timer/1.0.0/package.tgz',
12 verbose tar pack   '/Users/maximtoyberman/github/react-native-timer' ]
13 verbose tarball /Users/maximtoyberman/.npm/react-native-timer/1.0.0/package.tgz
14 verbose folder /Users/maximtoyberman/github/react-native-timer
15 verbose addLocalTarball adding from inside cache /Users/maximtoyberman/.npm/react-native-timer/1.0.0/package.tgz
16 verbose correctMkdir /Users/maximtoyberman/.npm correctMkdir not in flight; initializing
17 silly cache afterAdd react-native-timer@1.0.0
18 verbose afterAdd /Users/maximtoyberman/.npm/react-native-timer/1.0.0/package/package.json not in flight; writing
19 verbose correctMkdir /Users/maximtoyberman/.npm correctMkdir not in flight; initializing
20 verbose afterAdd /Users/maximtoyberman/.npm/react-native-timer/1.0.0/package/package.json written
21 silly publish { name: 'react-native-timer',
21 silly publish   version: '1.0.0',
21 silly publish   description: '## Getting started',
21 silly publish   main: 'index.js',
21 silly publish   scripts: { test: 'echo "Error: no test specified" && exit 1' },
21 silly publish   keywords: [ 'react-native' ],
21 silly publish   author: { name: 'Max Toyberman' },
21 silly publish   license: '',
21 silly publish   peerDependencies: { 'react-native': '^0.29.0' },
21 silly publish   dependencies: { 'react-timer-mixin': '^0.13.3' },
21 silly publish   readme: '\n# react-native-timer\n\n## Getting started\n\n`$ npm install react-native-timer --save`\n\n### Mostly automatic installation\n\n`$ react-native link react-native-timer`\n\n### Manual installation\n\n\n#### iOS\n\n1. In XCode, in the project navigator, right click `Libraries` ➜ `Add Files to [your project\'s name]`\n2. Go to `node_modules` ➜ `react-native-timer` and add `RNTimer.xcodeproj`\n3. In XCode, in the project navigator, select your project. Add `libRNTimer.a` to your project\'s `Build Phases` ➜ `Link Binary With Libraries`\n4. Run your project (`Cmd+R`)<\n\n#### Android\n\n1. Open up `android/app/src/main/java/[...]/MainActivity.java`\n  - Add `import com.reactlibrary.RNTimerPackage;` to the imports at the top of the file\n  - Add `new RNTimerPackage()` to the list returned by the `getPackages()` method\n2. Append the following lines to `android/settings.gradle`:\n  \t```\n  \tinclude \':react-native-timer\'\n  \tproject(\':react-native-timer\').projectDir = new File(rootProject.projectDir, \t\'../node_modules/react-native-timer/android\')\n  \t```\n3. Insert the following lines inside the dependencies block in `android/app/build.gradle`:\n  \t```\n      compile project(\':react-native-timer\')\n  \t```\n\n#### Windows\n[Read it! :D](https://github.com/ReactWindows/react-native)\n\n1. In Visual Studio add the `RNTimer.sln` in `node_modules/react-native-timer/windows/RNTimer.sln` folder to their solution, reference from their app.\n2. Open up your `MainPage.cs` app\n  - Add `using Cl.Json.RNTimer;` to the usings at the top of the file\n  - Add `new RNTimerPackage()` to the `List<IReactPackage>` returned by the `Packages` method\n\n\n## Usage\n```javascript\nimport RNTimer from \'react-native-timer\';\n\n// TODO: What do with the module?\nRNTimer;\n```\n  ',
21 silly publish   readmeFilename: 'README.md',
21 silly publish   _id: 'react-native-timer@1.0.0',
21 silly publish   _shasum: 'b830196774429d61ffe6afc5a04edc83fc707dd1',
21 silly publish   _from: '.' }
22 verbose getPublishConfig undefined
23 silly mapToRegistry name react-native-timer
24 silly mapToRegistry using default registry
25 silly mapToRegistry registry https://registry.npmjs.org/
26 silly mapToRegistry data Result {
26 silly mapToRegistry   raw: 'react-native-timer',
26 silly mapToRegistry   scope: null,
26 silly mapToRegistry   escapedName: 'react-native-timer',
26 silly mapToRegistry   name: 'react-native-timer',
26 silly mapToRegistry   rawSpec: '',
26 silly mapToRegistry   spec: 'latest',
26 silly mapToRegistry   type: 'tag' }
27 silly mapToRegistry uri https://registry.npmjs.org/react-native-timer
28 verbose publish registryBase https://registry.npmjs.org/
29 silly publish uploading /Users/maximtoyberman/.npm/react-native-timer/1.0.0/package.tgz
30 verbose request uri https://registry.npmjs.org/react-native-timer
31 verbose request sending authorization for write operation
32 info attempt registry request try #1 at 1:52:57 PM
33 verbose request using bearer token for auth
34 verbose request id 069f3570cd7a0568
35 http request PUT https://registry.npmjs.org/react-native-timer
36 http 403 https://registry.npmjs.org/react-native-timer
37 verbose headers { 'content-type': 'application/json',
37 verbose headers   'cache-control': 'max-age=300',
37 verbose headers   'content-length': '112',
37 verbose headers   'accept-ranges': 'bytes',
37 verbose headers   date: 'Fri, 10 Mar 2017 11:52:59 GMT',
37 verbose headers   via: '1.1 varnish',
37 verbose headers   connection: 'keep-alive',
37 verbose headers   'x-served-by': 'cache-lhr6323-LHR',
37 verbose headers   'x-cache': 'MISS',
37 verbose headers   'x-cache-hits': '0',
37 verbose headers   'x-timer': 'S1489146778.450125,VS0,VE591',
37 verbose headers   vary: 'Accept-Encoding' }
38 verbose request invalidating /Users/maximtoyberman/.npm/registry.npmjs.org/react-native-timer on PUT
39 error publish Failed PUT 403
40 verbose stack Error: you do not have permission to publish "react-native-timer". Are you logged in as the correct user? : react-native-timer
40 verbose stack     at makeError (/usr/local/lib/node_modules/npm/node_modules/npm-registry-client/lib/request.js:302:12)
40 verbose stack     at CachingRegistryClient.<anonymous> (/usr/local/lib/node_modules/npm/node_modules/npm-registry-client/lib/request.js:290:14)
40 verbose stack     at Request._callback (/usr/local/lib/node_modules/npm/node_modules/npm-registry-client/lib/request.js:210:14)
40 verbose stack     at Request.self.callback (/usr/local/lib/node_modules/npm/node_modules/request/request.js:187:22)
40 verbose stack     at emitTwo (events.js:106:13)
40 verbose stack     at Request.emit (events.js:191:7)
40 verbose stack     at Request.<anonymous> (/usr/local/lib/node_modules/npm/node_modules/request/request.js:1044:10)
40 verbose stack     at emitOne (events.js:96:13)
40 verbose stack     at Request.emit (events.js:188:7)
40 verbose stack     at IncomingMessage.<anonymous> (/usr/local/lib/node_modules/npm/node_modules/request/request.js:965:12)
41 verbose statusCode 403
42 verbose pkgid react-native-timer
43 verbose cwd /Users/maximtoyberman/github/react-native-timer
44 error Darwin 16.4.0
45 error argv "/usr/local/Cellar/node/6.8.1/bin/node" "/usr/local/bin/npm" "publish"
46 error node v6.8.1
47 error npm  v3.10.8
48 error code E403
49 error you do not have permission to publish "react-native-timer". Are you logged in as the correct user? : react-native-timer
50 error If you need help, you may report this error at:
50 error     <https://github.com/npm/npm/issues>
51 verbose exit [ 1, true ]
